# JRE version: OpenJDK Runtime Environment (11.0.10) (build 11.0.10+0-b96-7249189)
# Java VM: OpenJDK 64-Bit Server VM (11.0.10+0-b96-7249189, mixed mode, tiered, compressed oops, g1 gc, windows-amd64)
Heap:
 garbage-first heap   total 672768K, used 223627K [0x0000000080000000, 0x0000000100000000)
  region size 1024K, 10 young (10240K), 10 survivors (10240K)
 Metaspace       used 162383K, capacity 166954K, committed 167596K, reserved 1196032K
  class space    used 19864K, capacity 21483K, committed 21760K, reserved 1048576K
GC Heap History (20 events):
Event: 107.769 GC heap after
{Heap after GC invocations=100 (full 0):
 garbage-first heap   total 315392K, used 148830K [0x0000000080000000, 0x0000000100000000)
  region size 1024K, 2 young (2048K), 2 survivors (2048K)
 Metaspace       used 160844K, capacity 165462K, committed 165548K, reserved 1193984K
  class space    used 19777K, capacity 21443K, committed 21504K, reserved 1048576K
}
Event: 108.046 GC heap before
{Heap before GC invocations=101 (full 0):
 garbage-first heap   total 315392K, used 274782K [0x0000000080000000, 0x0000000100000000)
  region size 1024K, 120 young (122880K), 2 survivors (2048K)
 Metaspace       used 161301K, capacity 166073K, committed 166316K, reserved 1193984K
  class space    used 19817K, capacity 21490K, committed 21504K, reserved 1048576K
}
Event: 108.069 GC heap after
{Heap after GC invocations=102 (full 0):
 garbage-first heap   total 315392K, used 175648K [0x0000000080000000, 0x0000000100000000)
  region size 1024K, 15 young (15360K), 15 survivors (15360K)
 Metaspace       used 161301K, capacity 166073K, committed 166316K, reserved 1193984K
  class space    used 19817K, capacity 21490K, committed 21504K, reserved 1048576K
}
Event: 108.072 GC heap before
{Heap before GC invocations=102 (full 0):
 garbage-first heap   total 315392K, used 175648K [0x0000000080000000, 0x0000000100000000)
  region size 1024K, 16 young (16384K), 15 survivors (15360K)
 Metaspace       used 161313K, capacity 166076K, committed 166316K, reserved 1193984K
  class space    used 19818K, capacity 21491K, committed 21504K, reserved 1048576K
}
Event: 108.084 GC heap after
{Heap after GC invocations=103 (full 0):
 garbage-first heap   total 315392K, used 174830K [0x0000000080000000, 0x0000000100000000)
  region size 1024K, 2 young (2048K), 2 survivors (2048K)
 Metaspace       used 161313K, capacity 166076K, committed 166316K, reserved 1193984K
  class space    used 19818K, capacity 21491K, committed 21504K, reserved 1048576K
}
Event: 108.091 GC heap before
{Heap before GC invocations=103 (full 0):
 garbage-first heap   total 315392K, used 177902K [0x0000000080000000, 0x0000000100000000)
  region size 1024K, 7 young (7168K), 2 survivors (2048K)
 Metaspace       used 161324K, capacity 166076K, committed 166316K, reserved 1193984K
  class space    used 19820K, capacity 21491K, committed 21504K, reserved 1048576K
}
Event: 108.095 GC heap after
{Heap after GC invocations=104 (full 0):
 garbage-first heap   total 315392K, used 174737K [0x0000000080000000, 0x0000000100000000)
  region size 1024K, 2 young (2048K), 2 survivors (2048K)
 Metaspace       used 161324K, capacity 166076K, committed 166316K, reserved 1193984K
  class space    used 19820K, capacity 21491K, committed 21504K, reserved 1048576K
}
Event: 108.400 GC heap before
{Heap before GC invocations=105 (full 0):
 garbage-first heap   total 315392K, used 262801K [0x0000000080000000, 0x0000000100000000)
  region size 1024K, 87 young (89088K), 2 survivors (2048K)
 Metaspace       used 161500K, capacity 166043K, committed 166700K, reserved 1193984K
  class space    used 19794K, capacity 21377K, committed 21632K, reserved 1048576K
}
Event: 108.414 GC heap after
{Heap after GC invocations=106 (full 0):
 garbage-first heap   total 315392K, used 192404K [0x0000000080000000, 0x0000000100000000)
  region size 1024K, 11 young (11264K), 11 survivors (11264K)
 Metaspace       used 161500K, capacity 166043K, committed 166700K, reserved 1193984K
  class space    used 19794K, capacity 21377K, committed 21632K, reserved 1048576K
}
Event: 108.419 GC heap before
{Heap before GC invocations=106 (full 0):
 garbage-first heap   total 315392K, used 196500K [0x0000000080000000, 0x0000000100000000)
  region size 1024K, 15 young (15360K), 11 survivors (11264K)
 Metaspace       used 161508K, capacity 166043K, committed 166700K, reserved 1193984K
  class space    used 19794K, capacity 21377K, committed 21632K, reserved 1048576K
}
Event: 108.431 GC heap after
{Heap after GC invocations=107 (full 0):
 garbage-first heap   total 315392K, used 188905K [0x0000000080000000, 0x0000000100000000)
  region size 1024K, 2 young (2048K), 2 survivors (2048K)
 Metaspace       used 161508K, capacity 166043K, committed 166700K, reserved 1193984K
  class space    used 19794K, capacity 21377K, committed 21632K, reserved 1048576K
}
Event: 108.531 GC heap before
{Heap before GC invocations=107 (full 0):
 garbage-first heap   total 315392K, used 256489K [0x0000000080000000, 0x0000000100000000)
  region size 1024K, 69 young (70656K), 2 survivors (2048K)
 Metaspace       used 161588K, capacity 166116K, committed 166956K, reserved 1193984K
  class space    used 19802K, capacity 21379K, committed 21632K, reserved 1048576K
}
Event: 108.553 GC heap after
{Heap after GC invocations=108 (full 0):
 garbage-first heap   total 410624K, used 200498K [0x0000000080000000, 0x0000000100000000)
  region size 1024K, 9 young (9216K), 9 survivors (9216K)
 Metaspace       used 161588K, capacity 166116K, committed 166956K, reserved 1193984K
  class space    used 19802K, capacity 21379K, committed 21632K, reserved 1048576K
}
Event: 108.951 GC heap before
{Heap before GC invocations=109 (full 0):
 garbage-first heap   total 410624K, used 325426K [0x0000000080000000, 0x0000000100000000)
  region size 1024K, 131 young (134144K), 9 survivors (9216K)
 Metaspace       used 161731K, capacity 166240K, committed 166956K, reserved 1193984K
  class space    used 19842K, capacity 21421K, committed 21632K, reserved 1048576K
}
Event: 108.968 GC heap after
{Heap after GC invocations=110 (full 0):
 garbage-first heap   total 410624K, used 208195K [0x0000000080000000, 0x0000000100000000)
  region size 1024K, 16 young (16384K), 16 survivors (16384K)
 Metaspace       used 161731K, capacity 166240K, committed 166956K, reserved 1193984K
  class space    used 19842K, capacity 21421K, committed 21632K, reserved 1048576K
}
Event: 109.270 GC heap before
{Heap before GC invocations=110 (full 0):
 garbage-first heap   total 410624K, used 331075K [0x0000000080000000, 0x0000000100000000)
  region size 1024K, 136 young (139264K), 16 survivors (16384K)
 Metaspace       used 162181K, capacity 166756K, committed 167468K, reserved 1196032K
  class space    used 19853K, capacity 21439K, committed 21632K, reserved 1048576K
}
Event: 109.290 GC heap after
{Heap after GC invocations=111 (full 0):
 garbage-first heap   total 410624K, used 213920K [0x0000000080000000, 0x0000000100000000)
  region size 1024K, 14 young (14336K), 14 survivors (14336K)
 Metaspace       used 162181K, capacity 166756K, committed 167468K, reserved 1196032K
  class space    used 19853K, capacity 21439K, committed 21632K, reserved 1048576K
}
Event: 109.483 GC heap before
{Heap before GC invocations=111 (full 0):
 garbage-first heap   total 410624K, used 334752K [0x0000000080000000, 0x0000000100000000)
  region size 1024K, 133 young (136192K), 14 survivors (14336K)
 Metaspace       used 162270K, capacity 166829K, committed 167468K, reserved 1196032K
  class space    used 19857K, capacity 21442K, committed 21632K, reserved 1048576K
}
Event: 109.498 GC heap after
{Heap after GC invocations=112 (full 0):
 garbage-first heap   total 410624K, used 218103K [0x0000000080000000, 0x0000000100000000)
  region size 1024K, 11 young (11264K), 11 survivors (11264K)
 Metaspace       used 162270K, capacity 166829K, committed 167468K, reserved 1196032K
  class space    used 19857K, capacity 21442K, committed 21632K, reserved 1048576K
}
Event: 109.689 GC heap before
{Heap before GC invocations=112 (full 0):
 garbage-first heap   total 410624K, used 339959K [0x0000000080000000, 0x0000000100000000)
  region size 1024K, 130 young (133120K), 11 survivors (11264K)
 Metaspace       used 162383K, capacity 166954K, committed 167596K, reserved 1196032K
  class space    used 19864K, capacity 21483K, committed 21760K, reserved 1048576K
}

