# JRE version: OpenJDK Runtime Environment (11.0.10) (build 11.0.10+0-b96-7249189)
# Java VM: OpenJDK 64-Bit Server VM (11.0.10+0-b96-7249189, mixed mode, tiered, compressed oops, g1 gc, windows-amd64)
Heap:
 garbage-first heap   total 324608K, used 121973K [0x0000000080000000, 0x0000000100000000)
  region size 1024K, 12 young (12288K), 2 survivors (2048K)
 Metaspace       used 100132K, capacity 102792K, committed 103040K, reserved 1138688K
  class space    used 12876K, capacity 13896K, committed 13952K, reserved 1048576K
GC Heap History (20 events):
Event: 14.222 GC heap before
{Heap before GC invocations=21 (full 0):
 garbage-first heap   total 262144K, used 222501K [0x0000000080000000, 0x0000000100000000)
  region size 1024K, 132 young (135168K), 9 survivors (9216K)
 Metaspace       used 89968K, capacity 92142K, committed 92416K, reserved 1128448K
  class space    used 11660K, capacity 12500K, committed 12544K, reserved 1048576K
}
Event: 14.229 GC heap after
{Heap after GC invocations=22 (full 0):
 garbage-first heap   total 262144K, used 98536K [0x0000000080000000, 0x0000000100000000)
  region size 1024K, 11 young (11264K), 11 survivors (11264K)
 Metaspace       used 89968K, capacity 92142K, committed 92416K, reserved 1128448K
  class space    used 11660K, capacity 12500K, committed 12544K, reserved 1048576K
}
Event: 15.040 GC heap before
{Heap before GC invocations=22 (full 0):
 garbage-first heap   total 262144K, used 240872K [0x0000000080000000, 0x0000000100000000)
  region size 1024K, 133 young (136192K), 11 survivors (11264K)
 Metaspace       used 92834K, capacity 95246K, committed 95360K, reserved 1132544K
  class space    used 11988K, capacity 12881K, committed 12928K, reserved 1048576K
}
Event: 15.056 GC heap after
{Heap after GC invocations=23 (full 0):
 garbage-first heap   total 262144K, used 115224K [0x0000000080000000, 0x0000000100000000)
  region size 1024K, 17 young (17408K), 17 survivors (17408K)
 Metaspace       used 92834K, capacity 95246K, committed 95360K, reserved 1132544K
  class space    used 11988K, capacity 12881K, committed 12928K, reserved 1048576K
}
Event: 15.933 GC heap before
{Heap before GC invocations=23 (full 0):
 garbage-first heap   total 262144K, used 218648K [0x0000000080000000, 0x0000000100000000)
  region size 1024K, 117 young (119808K), 17 survivors (17408K)
 Metaspace       used 94143K, capacity 96631K, committed 96768K, reserved 1132544K
  class space    used 12122K, capacity 13039K, committed 13056K, reserved 1048576K
}
Event: 15.969 GC heap after
{Heap after GC invocations=24 (full 0):
 garbage-first heap   total 262144K, used 136125K [0x0000000080000000, 0x0000000100000000)
  region size 1024K, 15 young (15360K), 15 survivors (15360K)
 Metaspace       used 94143K, capacity 96631K, committed 96768K, reserved 1132544K
  class space    used 12122K, capacity 13039K, committed 13056K, reserved 1048576K
}
Event: 15.971 GC heap before
{Heap before GC invocations=24 (full 0):
 garbage-first heap   total 262144K, used 136125K [0x0000000080000000, 0x0000000100000000)
  region size 1024K, 16 young (16384K), 15 survivors (15360K)
 Metaspace       used 94143K, capacity 96631K, committed 96768K, reserved 1132544K
  class space    used 12122K, capacity 13039K, committed 13056K, reserved 1048576K
}
Event: 15.985 GC heap after
{Heap after GC invocations=25 (full 0):
 garbage-first heap   total 262144K, used 138240K [0x0000000080000000, 0x0000000100000000)
  region size 1024K, 1 young (1024K), 1 survivors (1024K)
 Metaspace       used 94143K, capacity 96631K, committed 96768K, reserved 1132544K
  class space    used 12122K, capacity 13039K, committed 13056K, reserved 1048576K
}
Event: 16.482 GC heap before
{Heap before GC invocations=26 (full 0):
 garbage-first heap   total 262144K, used 182272K [0x0000000080000000, 0x0000000100000000)
  region size 1024K, 44 young (45056K), 1 survivors (1024K)
 Metaspace       used 93980K, capacity 96361K, committed 96768K, reserved 1132544K
  class space    used 12072K, capacity 12949K, committed 13056K, reserved 1048576K
}
Event: 16.484 GC heap after
{Heap after GC invocations=27 (full 0):
 garbage-first heap   total 262144K, used 142567K [0x0000000080000000, 0x0000000100000000)
  region size 1024K, 5 young (5120K), 5 survivors (5120K)
 Metaspace       used 93980K, capacity 96361K, committed 96768K, reserved 1132544K
  class space    used 12072K, capacity 12949K, committed 13056K, reserved 1048576K
}
Event: 16.587 GC heap before
{Heap before GC invocations=27 (full 0):
 garbage-first heap   total 262144K, used 158951K [0x0000000080000000, 0x0000000100000000)
  region size 1024K, 12 young (12288K), 5 survivors (5120K)
 Metaspace       used 93985K, capacity 96364K, committed 96768K, reserved 1132544K
  class space    used 12072K, capacity 12949K, committed 13056K, reserved 1048576K
}
Event: 16.592 GC heap after
{Heap after GC invocations=28 (full 0):
 garbage-first heap   total 262144K, used 135410K [0x0000000080000000, 0x0000000100000000)
  region size 1024K, 1 young (1024K), 1 survivors (1024K)
 Metaspace       used 93985K, capacity 96364K, committed 96768K, reserved 1132544K
  class space    used 12072K, capacity 12949K, committed 13056K, reserved 1048576K
}
Event: 17.652 GC heap before
{Heap before GC invocations=28 (full 0):
 garbage-first heap   total 262144K, used 184562K [0x0000000080000000, 0x0000000100000000)
  region size 1024K, 50 young (51200K), 1 survivors (1024K)
 Metaspace       used 96037K, capacity 98390K, committed 98816K, reserved 1134592K
  class space    used 12307K, capacity 13203K, committed 13312K, reserved 1048576K
}
Event: 17.661 GC heap after
{Heap after GC invocations=29 (full 0):
 garbage-first heap   total 262144K, used 128368K [0x0000000080000000, 0x0000000100000000)
  region size 1024K, 3 young (3072K), 3 survivors (3072K)
 Metaspace       used 96037K, capacity 98390K, committed 98816K, reserved 1134592K
  class space    used 12307K, capacity 13203K, committed 13312K, reserved 1048576K
}
Event: 23.934 GC heap before
{Heap before GC invocations=30 (full 0):
 garbage-first heap   total 262144K, used 176496K [0x0000000080000000, 0x0000000100000000)
  region size 1024K, 60 young (61440K), 3 survivors (3072K)
 Metaspace       used 99920K, capacity 102467K, committed 102784K, reserved 1138688K
  class space    used 12855K, capacity 13831K, committed 13952K, reserved 1048576K
}
Event: 23.940 GC heap after
{Heap after GC invocations=31 (full 0):
 garbage-first heap   total 262144K, used 122655K [0x0000000080000000, 0x0000000100000000)
  region size 1024K, 6 young (6144K), 6 survivors (6144K)
 Metaspace       used 99920K, capacity 102467K, committed 102784K, reserved 1138688K
  class space    used 12855K, capacity 13831K, committed 13952K, reserved 1048576K
}
Event: 24.020 GC heap before
{Heap before GC invocations=31 (full 0):
 garbage-first heap   total 262144K, used 128799K [0x0000000080000000, 0x0000000100000000)
  region size 1024K, 12 young (12288K), 6 survivors (6144K)
 Metaspace       used 99970K, capacity 102565K, committed 102784K, reserved 1138688K
  class space    used 12857K, capacity 13864K, committed 13952K, reserved 1048576K
}
Event: 24.045 GC heap after
{Heap after GC invocations=32 (full 0):
 garbage-first heap   total 262144K, used 111829K [0x0000000080000000, 0x0000000100000000)
  region size 1024K, 1 young (1024K), 1 survivors (1024K)
 Metaspace       used 99970K, capacity 102565K, committed 102784K, reserved 1138688K
  class space    used 12857K, capacity 13864K, committed 13952K, reserved 1048576K
}
Event: 24.688 GC heap before
{Heap before GC invocations=32 (full 0):
 garbage-first heap   total 262144K, used 183509K [0x0000000080000000, 0x0000000100000000)
  region size 1024K, 70 young (71680K), 1 survivors (1024K)
 Metaspace       used 100033K, capacity 102632K, committed 102784K, reserved 1138688K
  class space    used 12857K, capacity 13864K, committed 13952K, reserved 1048576K
}
Event: 24.694 GC heap after
{Heap after GC invocations=33 (full 0):
 garbage-first heap   total 324608K, used 112757K [0x0000000080000000, 0x0000000100000000)
  region size 1024K, 2 young (2048K), 2 survivors (2048K)
 Metaspace       used 100033K, capacity 102632K, committed 102784K, reserved 1138688K
  class space    used 12857K, capacity 13864K, committed 13952K, reserved 1048576K
}

